<?xml version="1.0" encoding="UTF-8"?>
<testsuite name="com.ismail.mathreflection.factory.MathReflectionFactoryTest" tests="5" skipped="0" failures="0" errors="0" timestamp="2020-09-08T20:54:10" hostname="IMEKNI-PC" time="0.202">
  <properties/>
  <testcase name="throwDuplicatedVariableNameTest" classname="com.ismail.mathreflection.factory.MathReflectionFactoryTest" time="0.023"/>
  <testcase name="createFormulaCalculatorTest" classname="com.ismail.mathreflection.factory.MathReflectionFactoryTest" time="0.122"/>
  <testcase name="throwCycleFormulaDependencyException" classname="com.ismail.mathreflection.factory.MathReflectionFactoryTest" time="0.03"/>
  <testcase name="throwFormulaIsNotValidExceptionForFieldTest" classname="com.ismail.mathreflection.factory.MathReflectionFactoryTest" time="0.022"/>
  <testcase name="throwNoFormulaFoundExceptionWhenCreatingFormulaFactoryTest" classname="com.ismail.mathreflection.factory.MathReflectionFactoryTest" time="0.002"/>
  <system-out><![CDATA[]]></system-out>
  <system-err><![CDATA[]]></system-err>
</testsuite>
