<?xml version="1.0" encoding="UTF-8"?>
<testsuite name="com.ismail.mathreflection.factory.MathReflectionFactoryTest" tests="5" skipped="0" failures="0" errors="0" timestamp="2020-09-14T22:59:06" hostname="IMEKNI-PC" time="0.279">
  <properties/>
  <testcase name="throwDuplicatedVariableNameTest" classname="com.ismail.mathreflection.factory.MathReflectionFactoryTest" time="0.058"/>
  <testcase name="createFormulaCalculatorTest" classname="com.ismail.mathreflection.factory.MathReflectionFactoryTest" time="0.174"/>
  <testcase name="throwCycleFormulaDependencyException" classname="com.ismail.mathreflection.factory.MathReflectionFactoryTest" time="0.029"/>
  <testcase name="throwFormulaIsNotValidExceptionForFieldTest" classname="com.ismail.mathreflection.factory.MathReflectionFactoryTest" time="0.011"/>
  <testcase name="throwNoFormulaFoundExceptionWhenCreatingFormulaFactoryTest" classname="com.ismail.mathreflection.factory.MathReflectionFactoryTest" time="0.003"/>
  <system-out><![CDATA[]]></system-out>
  <system-err><![CDATA[]]></system-err>
</testsuite>
