<?xml version="1.0" encoding="UTF-8"?>
<testsuite name="com.ismail.mathreflection.factory.MathReflectionFactoryTest" tests="5" skipped="0" failures="0" errors="0" timestamp="2020-09-09T22:06:52" hostname="IMEKNI-PC" time="0.387">
  <properties/>
  <testcase name="throwDuplicatedVariableNameTest" classname="com.ismail.mathreflection.factory.MathReflectionFactoryTest" time="0.035"/>
  <testcase name="createFormulaCalculatorTest" classname="com.ismail.mathreflection.factory.MathReflectionFactoryTest" time="0.3"/>
  <testcase name="throwCycleFormulaDependencyException" classname="com.ismail.mathreflection.factory.MathReflectionFactoryTest" time="0.025"/>
  <testcase name="throwFormulaIsNotValidExceptionForFieldTest" classname="com.ismail.mathreflection.factory.MathReflectionFactoryTest" time="0.011"/>
  <testcase name="throwNoFormulaFoundExceptionWhenCreatingFormulaFactoryTest" classname="com.ismail.mathreflection.factory.MathReflectionFactoryTest" time="0.006"/>
  <system-out><![CDATA[]]></system-out>
  <system-err><![CDATA[]]></system-err>
</testsuite>
