<?xml version="1.0" encoding="UTF-8"?>
<testsuite name="com.ismail.mathreflection.core.MXCalculatorTest" tests="2" skipped="0" failures="0" errors="0" timestamp="2020-09-12T22:53:56" hostname="IMEKNI-PC" time="0.176">
  <properties/>
  <testcase name="calculateInitializerTest" classname="com.ismail.mathreflection.core.MXCalculatorTest" time="0.14"/>
  <testcase name="calculateSimpleBeanWithPublicAndDoubleFieldsTest" classname="com.ismail.mathreflection.core.MXCalculatorTest" time="0.036"/>
  <system-out><![CDATA[]]></system-out>
  <system-err><![CDATA[]]></system-err>
</testsuite>
